c:\users\gameuser\documents\visual studio 2017\projects\esm\esm\x64\debug\vc141.pdb
c:\users\gameuser\documents\visual studio 2017\projects\esm\esm\x64\debug\vc141.idb
c:\users\gameuser\documents\visual studio 2017\projects\esm\esm\x64\debug\main.obj
c:\users\gameuser\documents\visual studio 2017\projects\esm\esm\x64\debug\component.obj
c:\users\gameuser\documents\visual studio 2017\projects\esm\esm\x64\debug\entity.obj
c:\users\gameuser\documents\visual studio 2017\projects\esm\esm\x64\debug\healthsystem.obj
c:\users\gameuser\documents\visual studio 2017\projects\esm\x64\debug\esm.ilk
c:\users\gameuser\documents\visual studio 2017\projects\esm\x64\debug\esm.exe
c:\users\gameuser\documents\visual studio 2017\projects\esm\x64\debug\esm.pdb
c:\users\gameuser\desktop\new folder (3)\gamesengineering2\esm\esm\x64\debug\component.obj
c:\users\gameuser\desktop\new folder (3)\gamesengineering2\esm\esm\x64\debug\entity.obj
c:\users\gameuser\desktop\new folder (3)\gamesengineering2\esm\esm\x64\debug\healthsystem.obj
c:\users\gameuser\desktop\new folder (3)\gamesengineering2\esm\esm\x64\debug\main.obj
c:\users\gameuser\desktop\new folder (3)\gamesengineering2\esm\esm\x64\debug\vc141.idb
c:\users\gameuser\desktop\new folder (3)\gamesengineering2\esm\esm\x64\debug\vc141.pdb
c:\users\gameuser\desktop\new folder (3)\gamesengineering2\esm\x64\debug\esm.pdb
c:\users\gameuser\desktop\new folder (3)\gamesengineering2\esm\x64\debug\esm.exe
c:\users\gameuser\desktop\new folder (3)\gamesengineering2\esm\x64\debug\esm.ilk
c:\users\gameuser\desktop\new folder (3)\gamesengineering2\esm\esm\x64\debug\esm.tlog\cl.command.1.tlog
c:\users\gameuser\desktop\new folder (3)\gamesengineering2\esm\esm\x64\debug\esm.tlog\cl.read.1.tlog
c:\users\gameuser\desktop\new folder (3)\gamesengineering2\esm\esm\x64\debug\esm.tlog\cl.write.1.tlog
c:\users\gameuser\desktop\new folder (3)\gamesengineering2\esm\esm\x64\debug\esm.tlog\link.command.1.tlog
c:\users\gameuser\desktop\new folder (3)\gamesengineering2\esm\esm\x64\debug\esm.tlog\link.read.1.tlog
c:\users\gameuser\desktop\new folder (3)\gamesengineering2\esm\esm\x64\debug\esm.tlog\link.write.1.tlog
